[NotificationsHandler] Sent 0 unreviewed items reminder notifications, failed 0.
[DeletionQueueHandler] Start processing queue.
[DeletionQueueHandler] Fetching next batch (2500) in queue.
[DeletionQueueHandler] Processed 0 items in 0 seconds. 0 items failed. 0 items put back in queue.
[BatchedNewEvents] No new events.
[Totals] Start totals calculation.
[Totals] Updated 0 entities for 0 keys and 6 models in 0 seconds.
Context validation failed with error File C:\xampp\htdocs\cyberwolf/assets/rules/custom/Context.php doesn't exist.
[RiskScoreQueueHandler] Start processing queue.
[RiskScoreQueueHandler] Fetching next batch (2500) in queue.
[RiskScoreQueueHandler] Processed 0 items in 0 seconds. 0 items failed. 0 items put back in queue.
[BlacklistQueueHandler] Start processing queue.
[BlacklistQueueHandler] Fetching next batch (2500) in queue.
[BlacklistQueueHandler] Processed 0 items in 0 seconds. 0 items failed. 0 items put back in queue.
[LogbookRotation] Start logbook rotation.
[LogbookRotation] Deleted 0 events for 2 keys in logbook.
[EnrichmentQueueHandler] Start processing queue.
[EnrichmentQueueHandler] Fetching next batch (2500) in queue.
[EnrichmentQueueHandler] Processed 0 items in 0 seconds. 0 items failed. 0 items put back in queue.
[NotificationsHandler] Sent 0 unreviewed items reminder notifications, failed 0.
[DeletionQueueHandler] Start processing queue.
[DeletionQueueHandler] Fetching next batch (2500) in queue.
[DeletionQueueHandler] Processed 0 items in 0 seconds. 0 items failed. 0 items put back in queue.
[BatchedNewEvents] No new events.
[Totals] Start totals calculation.
[Totals] Updated 0 entities for 0 keys and 6 models in 0 seconds.
Context validation failed with error File C:\xampp\htdocs\cyberwolf/assets/rules/custom/Context.php doesn't exist.
[RiskScoreQueueHandler] Start processing queue.
[RiskScoreQueueHandler] Fetching next batch (2500) in queue.
[RiskScoreQueueHandler] Processed 0 items in 0 seconds. 0 items failed. 0 items put back in queue.
[BlacklistQueueHandler] Start processing queue.
[BlacklistQueueHandler] Fetching next batch (2500) in queue.
[BlacklistQueueHandler] Processed 0 items in 0 seconds. 0 items failed. 0 items put back in queue.
[EnrichmentQueueHandler] Start processing queue.
[EnrichmentQueueHandler] Fetching next batch (2500) in queue.
[EnrichmentQueueHandler] Processed 0 items in 0 seconds. 0 items failed. 0 items put back in queue.
